<?xml version="1.0" encoding="UTF-8"?>
<testng-results skipped="0" failed="0" ignored="0" total="1" passed="1">
  <reporter-output>
  </reporter-output>
  <suite name="Default suite" duration-ms="4943" started-at="2021-02-24T04:25:46 UTC" finished-at="2021-02-24T04:25:51 UTC">
    <groups>
    </groups>
    <test name="Default test" duration-ms="4943" started-at="2021-02-24T04:25:46 UTC" finished-at="2021-02-24T04:25:51 UTC">
      <class name="test.testcase1">
        <test-method status="PASS" signature="launchBrowser()[pri:0, instance:test.testcase1@7d0587f1]" name="launchBrowser" is-config="true" duration-ms="1549" started-at="2021-02-24T04:25:46 UTC" finished-at="2021-02-24T04:25:47 UTC">
          <reporter-output>
          </reporter-output>
        </test-method> <!-- launchBrowser -->
        <test-method status="PASS" signature="Logintest()[pri:0, instance:test.testcase1@7d0587f1]" name="Logintest" duration-ms="3359" started-at="2021-02-24T04:25:47 UTC" finished-at="2021-02-24T04:25:51 UTC">
          <reporter-output>
          </reporter-output>
        </test-method> <!-- Logintest -->
        <test-method status="PASS" signature="CloseBrowser()[pri:0, instance:test.testcase1@7d0587f1]" name="CloseBrowser" is-config="true" duration-ms="0" started-at="2021-02-24T04:25:51 UTC" finished-at="2021-02-24T04:25:51 UTC">
          <reporter-output>
          </reporter-output>
        </test-method> <!-- CloseBrowser -->
      </class> <!-- test.testcase1 -->
    </test> <!-- Default test -->
  </suite> <!-- Default suite -->
</testng-results>
